//
// 2021-09-07, jjuiddong
// web relay protocol
//	- websocket communication
//	- connect instance server - web browser with relay server
//	- json/binary format
//	- instance server <-> web relay server
//        (client)           (server)
//


// server -> client
protocol s2c 12000 json
{
	Welcome(string msg);
	AckLogin(string name, int type, string ipAddr, int result);
	AckLogout(string name, int result);
	ReqStartInstance(string name, string url);
	ReqCloseInstance(string name);
	ReqConnectProxyServer(string url, string name);
	ReqFindInstance(string name);
	ReqPing(int id);
}



// client -> server
protocol c2s 12100 json
{
	ReqLogin(string name, int type);
	ReqLogout(string name);
	AckStartInstance(string name, string url, int result);
	AckCloseInstance(string name, int result);
	AckConnectProxyServer(string url, string name, int result);
	AckFindInstance(string name, string url, int result);
	AckPing(int id);

	InstanceInfo(string name, int sessionCount);
}

